  raudio.c
C:\Users\user\Documents\school-project-assignment-the_lore_trove\The lore trove\raylib-master\src\external\qoa.h(325,20): warning C4018: '<': signed/unsigned mismatch
C:\Users\user\Documents\school-project-assignment-the_lore_trove\The lore trove\raylib-master\src\external\qoa.h(338,42): warning C4018: '<': signed/unsigned mismatch
C:\Users\user\Documents\school-project-assignment-the_lore_trove\The lore trove\raylib-master\src\external\qoa.h(340,21): warning C4018: '<': signed/unsigned mismatch
C:\Users\user\Documents\school-project-assignment-the_lore_trove\The lore trove\raylib-master\src\external\qoa.h(425,20): warning C4018: '<': signed/unsigned mismatch
C:\Users\user\Documents\school-project-assignment-the_lore_trove\The lore trove\raylib-master\src\external\qoa.h(448,42): warning C4018: '<': signed/unsigned mismatch
C:\Users\user\Documents\school-project-assignment-the_lore_trove\The lore trove\raylib-master\src\external\qoa.h(523,14): warning C4018: '>': signed/unsigned mismatch
C:\Users\user\Documents\school-project-assignment-the_lore_trove\The lore trove\raylib-master\src\external\qoa.h(651,20): warning C4267: '=': conversion from 'size_t' to 'int', possible loss of data
C:\Users\user\Documents\school-project-assignment-the_lore_trove\The lore trove\raylib-master\src\external\qoaplay.c(93,21): warning C4267: 'initializing': conversion from 'size_t' to 'int', possible loss of data
C:\Users\user\Documents\school-project-assignment-the_lore_trove\The lore trove\raylib-master\src\external\qoaplay.c(184,51): warning C4267: '=': conversion from 'size_t' to 'unsigned int', possible loss of data
C:\Users\user\Documents\school-project-assignment-the_lore_trove\The lore trove\raylib-master\src\external\qoaplay.c(233,27): warning C4018: '<': signed/unsigned mismatch
C:\Users\user\Documents\school-project-assignment-the_lore_trove\The lore trove\raylib-master\src\external\qoaplay.c(235,73): warning C4244: '=': conversion from 'double' to 'float', possible loss of data
C:\Users\user\Documents\school-project-assignment-the_lore_trove\The lore trove\raylib-master\src\external\qoaplay.c(268,15): warning C4018: '>': signed/unsigned mismatch
C:\Users\user\Documents\school-project-assignment-the_lore_trove\The lore trove\raylib-master\src\external\jar_xm.h(242,1): warning C4005: 'DEBUG': macro redefinition
C:\Users\user\Documents\school-project-assignment-the_lore_trove\The lore trove\raylib-master\src\raudio.c : message : see previous definition of 'DEBUG'
C:\Users\user\Documents\school-project-assignment-the_lore_trove\The lore trove\raylib-master\src\raudio.c(1290,53): warning C4090: 'function': different 'const' qualifiers
  rcore.c
  rglfw.c
  rmodels.c
  rshapes.c
  rtext.c
  rtextures.c
  utils.c
  Generating Code...
  raylib.vcxproj -> C:\Users\user\Documents\school-project-assignment-the_lore_trove\The lore trove\_bin\Debug\raylib.lib
